Product projects
---------------------------------------
D:\REGame\Coffee.UnmaskForUGUI.csproj
D:\REGame\Unmask_Demo.csproj
D:\REGame\BigRookGames.csproj
D:\REGame\Assembly-CSharp-firstpass.csproj
D:\REGame\Assembly-CSharp.csproj


Test projects
---------------------------------------
D:\REGame\Assembly-CSharp-Editor.csproj
D:\REGame\Coffee.UnmaskForUGUI.Editor.csproj


Invalid projects
---------------------------------------
{none}


Skipped projects
---------------------------------------
{none}


Excluded projects
---------------------------------------
{none}


